2025-09-20 08:14:46 - main - ERROR - Unhandled exception on http://localhost:8000/health: name 'datetime' is not defined
2025-09-20 08:15:17 - main - ERROR - Unhandled exception on http://localhost:8000/health: name 'datetime' is not defined
2025-09-20 08:24:05 - service.orchestrator - ERROR - Scraper BookmakerName.MOSTBET failed with exception: 'MostbetScraper' object has no attribute 'scrape_all_odds'
2025-09-20 08:24:05 - service.orchestrator - ERROR - Scraper BookmakerName.STAKE failed with exception: 'StakeScraper' object has no attribute 'scrape_all_odds'
2025-09-20 08:27:51 - service.orchestrator - ERROR - Scraper BookmakerName.MOSTBET failed with exception: 'MostbetScraper' object has no attribute 'scrape_all_odds'
2025-09-20 08:27:51 - service.orchestrator - ERROR - Scraper BookmakerName.STAKE failed with exception: 'StakeScraper' object has no attribute 'scrape_all_odds'
2025-09-20 08:28:15 - service.orchestrator - ERROR - Error in arbitrage detection process: 'list' object has no attribute 'success'
2025-09-20 08:34:28 - books.base - ERROR - BookmakerName.MOSTBET: Failed to initialize browser: 'Playwright' object has no attribute 'new_context'
2025-09-20 08:35:16 - books.base - ERROR - BookmakerName.MOSTBET: Failed to initialize browser: 'Playwright' object has no attribute 'new_context'
2025-09-20 08:35:56 - books.base - ERROR - BookmakerName.MOSTBET: Failed to initialize browser: BrowserType.launch: Executable doesn't exist at /home/runner/workspace/.cache/ms-playwright/chromium_headless_shell-1187/chrome-linux/headless_shell
╔════════════════════════════════════════════════════════════╗
║ Looks like Playwright was just installed or updated.       ║
║ Please run the following command to download new browsers: ║
║                                                            ║
║     playwright install                                     ║
║                                                            ║
║ <3 Playwright Team                                         ║
╚════════════════════════════════════════════════════════════╝
2025-09-20 08:37:04 - books.base - ERROR - BookmakerName.MOSTBET: Failed to initialize browser: BrowserType.launch: 
╔══════════════════════════════════════════════════════╗
║ Host system is missing dependencies to run browsers. ║
║ Please install them with the following command:      ║
║                                                      ║
║     sudo playwright install-deps                     ║
║                                                      ║
║ Alternatively, use apt:                              ║
║     sudo apt-get install libnspr4\                   ║
║         libnss3\                                     ║
║         libdbus-1-3\                                 ║
║         libatk1.0-0t64\                              ║
║         libatk-bridge2.0-0t64\                       ║
║         libatspi2.0-0t64\                            ║
║         libxcomposite1\                              ║
║         libxdamage1\                                 ║
║         libxfixes3\                                  ║
║         libgbm1\                                     ║
║         libxcb1\                                     ║
║         libxkbcommon0\                               ║
║         libasound2t64                                ║
║                                                      ║
║ <3 Playwright Team                                   ║
╚══════════════════════════════════════════════════════╝
